# JRE version: Java(TM) SE Runtime Environment (8.0_05-b13) (build 1.8.0_05-b13)
# Java VM: Java HotSpot(TM) Server VM (25.5-b02 mixed mode windows-x86 )
Heap:
 PSYoungGen      total 12032K, used 8837K [0x27180000, 0x280c0000, 0x31c00000)
  eden space 8448K, 73% used [0x27180000,0x277907e8,0x279c0000)
  from space 3584K, 73% used [0x279c0000,0x27c50fa0,0x27d40000)
  to   space 3584K, 0% used [0x27d40000,0x27d40000,0x280c0000)
 ParOldGen       total 22016K, used 8463K [0x11c00000, 0x13180000, 0x27180000)
  object space 22016K, 38% used [0x11c00000,0x12443fa0,0x13180000)
 Metaspace       used 15114K, capacity 15579K, committed 15616K, reserved 15744K
GC Heap History (10 events):
Event: 3.684 GC heap before
{Heap before GC invocations=5 (full 0):
 PSYoungGen      total 9472K, used 9458K [0x27180000, 0x27c00000, 0x31c00000)
  eden space 8192K, 100% used [0x27180000,0x27980000,0x27980000)
  from space 1280K, 98% used [0x27ac0000,0x27bfcbe8,0x27c00000)
  to   space 1280K, 0% used [0x27980000,0x27980000,0x27ac0000)
 ParOldGen       total 22016K, used 6478K [0x11c00000, 0x13180000, 0x27180000)
  object space 22016K, 29% used [0x11c00000,0x12253880,0x13180000)
 Metaspace       used 8952K, capacity 9132K, committed 9216K, reserved 9600K
Event: 3.688 GC heap after
Heap after GC invocations=5 (full 0):
 PSYoungGen      total 9472K, used 1274K [0x27180000, 0x28100000, 0x31c00000)
  eden space 8192K, 0% used [0x27180000,0x27180000,0x27980000)
  from space 1280K, 99% used [0x27980000,0x27abebd8,0x27ac0000)
  to   space 3840K, 0% used [0x27d40000,0x27d40000,0x28100000)
 ParOldGen       total 22016K, used 6808K [0x11c00000, 0x13180000, 0x27180000)
  object space 22016K, 30% used [0x11c00000,0x122a6248,0x13180000)
 Metaspace       used 8952K, capacity 9132K, committed 9216K, reserved 9600K
}
Event: 4.495 GC heap before
{Heap before GC invocations=6 (full 0):
 PSYoungGen      total 9472K, used 9466K [0x27180000, 0x28100000, 0x31c00000)
  eden space 8192K, 100% used [0x27180000,0x27980000,0x27980000)
  from space 1280K, 99% used [0x27980000,0x27abebd8,0x27ac0000)
  to   space 3840K, 0% used [0x27d40000,0x27d40000,0x28100000)
 ParOldGen       total 22016K, used 6808K [0x11c00000, 0x13180000, 0x27180000)
  object space 22016K, 30% used [0x11c00000,0x122a6248,0x13180000)
 Metaspace       used 10212K, capacity 10360K, committed 10368K, reserved 10624K
Event: 4.497 GC heap after
Heap after GC invocations=6 (full 0):
 PSYoungGen      total 12032K, used 2143K [0x27180000, 0x28100000, 0x31c00000)
  eden space 8192K, 0% used [0x27180000,0x27180000,0x27980000)
  from space 3840K, 55% used [0x27d40000,0x27f57dd8,0x28100000)
  to   space 3840K, 0% used [0x27980000,0x27980000,0x27d40000)
 ParOldGen       total 22016K, used 6876K [0x11c00000, 0x13180000, 0x27180000)
  object space 22016K, 31% used [0x11c00000,0x122b7258,0x13180000)
 Metaspace       used 10212K, capacity 10360K, committed 10368K, reserved 10624K
}
Event: 4.625 GC heap before
{Heap before GC invocations=7 (full 0):
 PSYoungGen      total 12032K, used 10282K [0x27180000, 0x28100000, 0x31c00000)
  eden space 8192K, 99% used [0x27180000,0x27972b78,0x27980000)
  from space 3840K, 55% used [0x27d40000,0x27f57dd8,0x28100000)
  to   space 3840K, 0% used [0x27980000,0x27980000,0x27d40000)
 ParOldGen       total 22016K, used 6876K [0x11c00000, 0x13180000, 0x27180000)
  object space 22016K, 31% used [0x11c00000,0x122b7258,0x13180000)
 Metaspace       used 11489K, capacity 11707K, committed 11776K, reserved 12672K
Event: 4.628 GC heap after
Heap after GC invocations=7 (full 0):
 PSYoungGen      total 12032K, used 2600K [0x27180000, 0x28100000, 0x31c00000)
  eden space 8192K, 0% used [0x27180000,0x27180000,0x27980000)
  from space 3840K, 67% used [0x27980000,0x27c0a170,0x27d40000)
  to   space 3840K, 0% used [0x27d40000,0x27d40000,0x28100000)
 ParOldGen       total 22016K, used 7582K [0x11c00000, 0x13180000, 0x27180000)
  object space 22016K, 34% used [0x11c00000,0x12367898,0x13180000)
 Metaspace       used 11489K, capacity 11707K, committed 11776K, reserved 12672K
}
Event: 4.955 GC heap before
{Heap before GC invocations=8 (full 0):
 PSYoungGen      total 12032K, used 10792K [0x27180000, 0x28100000, 0x31c00000)
  eden space 8192K, 100% used [0x27180000,0x27980000,0x27980000)
  from space 3840K, 67% used [0x27980000,0x27c0a170,0x27d40000)
  to   space 3840K, 0% used [0x27d40000,0x27d40000,0x28100000)
 ParOldGen       total 22016K, used 7582K [0x11c00000, 0x13180000, 0x27180000)
  object space 22016K, 34% used [0x11c00000,0x12367898,0x13180000)
 Metaspace       used 12874K, capacity 13118K, committed 13184K, reserved 13696K
Event: 4.962 GC heap after
Heap after GC invocations=8 (full 0):
 PSYoungGen      total 12288K, used 2366K [0x27180000, 0x28880000, 0x31c00000)
  eden space 8448K, 0% used [0x27180000,0x27180000,0x279c0000)
  from space 3840K, 61% used [0x27d40000,0x27f8f840,0x28100000)
  to   space 3584K, 0% used [0x279c0000,0x279c0000,0x27d40000)
 ParOldGen       total 22016K, used 8124K [0x11c00000, 0x13180000, 0x27180000)
  object space 22016K, 36% used [0x11c00000,0x123ef0a8,0x13180000)
 Metaspace       used 12874K, capacity 13118K, committed 13184K, reserved 13696K
}
Event: 12.628 GC heap before
{Heap before GC invocations=9 (full 0):
 PSYoungGen      total 12288K, used 10814K [0x27180000, 0x28880000, 0x31c00000)
  eden space 8448K, 100% used [0x27180000,0x279c0000,0x279c0000)
  from space 3840K, 61% used [0x27d40000,0x27f8f840,0x28100000)
  to   space 3584K, 0% used [0x279c0000,0x279c0000,0x27d40000)
 ParOldGen       total 22016K, used 8124K [0x11c00000, 0x13180000, 0x27180000)
  object space 22016K, 36% used [0x11c00000,0x123ef0a8,0x13180000)
 Metaspace       used 13627K, capacity 14075K, committed 14208K, reserved 14720K
Event: 12.631 GC heap after
Heap after GC invocations=9 (full 0):
 PSYoungGen      total 12032K, used 2627K [0x27180000, 0x280c0000, 0x31c00000)
  eden space 8448K, 0% used [0x27180000,0x27180000,0x279c0000)
  from space 3584K, 73% used [0x279c0000,0x27c50fa0,0x27d40000)
  to   space 3584K, 0% used [0x27d40000,0x27d40000,0x280c0000)
 ParOldGen       total 22016K, used 8463K [0x11c00000, 0x13180000, 0x27180000)
  object space 22016K, 38% used [0x11c00000,0x12443fa0,0x13180000)
 Metaspace       used 13627K, capacity 14075K, committed 14208K, reserved 14720K
}

