# JRE version: Java(TM) SE Runtime Environment (8.0_05-b13) (build 1.8.0_05-b13)
# Java VM: Java HotSpot(TM) Server VM (25.5-b02 mixed mode windows-x86 )
Heap:
 PSYoungGen      total 12032K, used 2323K [0x27180000, 0x28900000, 0x31c00000)
  eden space 8192K, 3% used [0x27180000,0x271c0590,0x27980000)
  from space 3840K, 53% used [0x27d40000,0x27f44a68,0x28100000)
  to   space 3840K, 0% used [0x27980000,0x27980000,0x27d40000)
 ParOldGen       total 22016K, used 7960K [0x11c00000, 0x13180000, 0x27180000)
  object space 22016K, 36% used [0x11c00000,0x123c6368,0x13180000)
 Metaspace       used 12909K, capacity 13165K, committed 13184K, reserved 13696K
GC Heap History (10 events):
Event: 2.480 GC heap before
{Heap before GC invocations=4 (full 0):
 PSYoungGen      total 9472K, used 9464K [0x27180000, 0x27c00000, 0x31c00000)
  eden space 8192K, 100% used [0x27180000,0x27980000,0x27980000)
  from space 1280K, 99% used [0x27980000,0x27abe070,0x27ac0000)
  to   space 1280K, 0% used [0x27ac0000,0x27ac0000,0x27c00000)
 ParOldGen       total 22016K, used 4615K [0x11c00000, 0x13180000, 0x27180000)
  object space 22016K, 20% used [0x11c00000,0x12081db0,0x13180000)
 Metaspace       used 8821K, capacity 8961K, committed 9088K, reserved 9600K
Event: 2.482 GC heap after
Heap after GC invocations=4 (full 0):
 PSYoungGen      total 9472K, used 1265K [0x27180000, 0x27c00000, 0x31c00000)
  eden space 8192K, 0% used [0x27180000,0x27180000,0x27980000)
  from space 1280K, 98% used [0x27ac0000,0x27bfc470,0x27c00000)
  to   space 1280K, 0% used [0x27980000,0x27980000,0x27ac0000)
 ParOldGen       total 22016K, used 6509K [0x11c00000, 0x13180000, 0x27180000)
  object space 22016K, 29% used [0x11c00000,0x1225b430,0x13180000)
 Metaspace       used 8821K, capacity 8961K, committed 9088K, reserved 9600K
}
Event: 3.653 GC heap before
{Heap before GC invocations=5 (full 0):
 PSYoungGen      total 9472K, used 9457K [0x27180000, 0x27c00000, 0x31c00000)
  eden space 8192K, 100% used [0x27180000,0x27980000,0x27980000)
  from space 1280K, 98% used [0x27ac0000,0x27bfc470,0x27c00000)
  to   space 1280K, 0% used [0x27980000,0x27980000,0x27ac0000)
 ParOldGen       total 22016K, used 6509K [0x11c00000, 0x13180000, 0x27180000)
  object space 22016K, 29% used [0x11c00000,0x1225b430,0x13180000)
 Metaspace       used 8950K, capacity 9095K, committed 9216K, reserved 9600K
Event: 3.656 GC heap after
Heap after GC invocations=5 (full 0):
 PSYoungGen      total 9472K, used 1265K [0x27180000, 0x28180000, 0x31c00000)
  eden space 8192K, 0% used [0x27180000,0x27180000,0x27980000)
  from space 1280K, 98% used [0x27980000,0x27abc4b0,0x27ac0000)
  to   space 4096K, 0% used [0x27d80000,0x27d80000,0x28180000)
 ParOldGen       total 22016K, used 6678K [0x11c00000, 0x13180000, 0x27180000)
  object space 22016K, 30% used [0x11c00000,0x122858d8,0x13180000)
 Metaspace       used 8950K, capacity 9095K, committed 9216K, reserved 9600K
}
Event: 4.459 GC heap before
{Heap before GC invocations=6 (full 0):
 PSYoungGen      total 9472K, used 9457K [0x27180000, 0x28180000, 0x31c00000)
  eden space 8192K, 100% used [0x27180000,0x27980000,0x27980000)
  from space 1280K, 98% used [0x27980000,0x27abc4b0,0x27ac0000)
  to   space 4096K, 0% used [0x27d80000,0x27d80000,0x28180000)
 ParOldGen       total 22016K, used 6678K [0x11c00000, 0x13180000, 0x27180000)
  object space 22016K, 30% used [0x11c00000,0x122858d8,0x13180000)
 Metaspace       used 10215K, capacity 10384K, committed 10496K, reserved 10624K
Event: 4.462 GC heap after
Heap after GC invocations=6 (full 0):
 PSYoungGen      total 11776K, used 2085K [0x27180000, 0x28100000, 0x31c00000)
  eden space 8192K, 0% used [0x27180000,0x27180000,0x27980000)
  from space 3584K, 58% used [0x27d80000,0x27f89698,0x28100000)
  to   space 3840K, 0% used [0x27980000,0x27980000,0x27d40000)
 ParOldGen       total 22016K, used 6746K [0x11c00000, 0x13180000, 0x27180000)
  object space 22016K, 30% used [0x11c00000,0x122968e8,0x13180000)
 Metaspace       used 10215K, capacity 10384K, committed 10496K, reserved 10624K
}
Event: 4.593 GC heap before
{Heap before GC invocations=7 (full 0):
 PSYoungGen      total 11776K, used 10277K [0x27180000, 0x28100000, 0x31c00000)
  eden space 8192K, 100% used [0x27180000,0x27980000,0x27980000)
  from space 3584K, 58% used [0x27d80000,0x27f89698,0x28100000)
  to   space 3840K, 0% used [0x27980000,0x27980000,0x27d40000)
 ParOldGen       total 22016K, used 6746K [0x11c00000, 0x13180000, 0x27180000)
  object space 22016K, 30% used [0x11c00000,0x122968e8,0x13180000)
 Metaspace       used 11541K, capacity 11732K, committed 11776K, reserved 12672K
Event: 4.596 GC heap after
Heap after GC invocations=7 (full 0):
 PSYoungGen      total 12032K, used 2582K [0x27180000, 0x28100000, 0x31c00000)
  eden space 8192K, 0% used [0x27180000,0x27180000,0x27980000)
  from space 3840K, 67% used [0x27980000,0x27c05b40,0x27d40000)
  to   space 3840K, 0% used [0x27d40000,0x27d40000,0x28100000)
 ParOldGen       total 22016K, used 7390K [0x11c00000, 0x13180000, 0x27180000)
  object space 22016K, 33% used [0x11c00000,0x12337b30,0x13180000)
 Metaspace       used 11541K, capacity 11732K, committed 11776K, reserved 12672K
}
Event: 4.903 GC heap before
{Heap before GC invocations=8 (full 0):
 PSYoungGen      total 12032K, used 10774K [0x27180000, 0x28100000, 0x31c00000)
  eden space 8192K, 100% used [0x27180000,0x27980000,0x27980000)
  from space 3840K, 67% used [0x27980000,0x27c05b40,0x27d40000)
  to   space 3840K, 0% used [0x27d40000,0x27d40000,0x28100000)
 ParOldGen       total 22016K, used 7390K [0x11c00000, 0x13180000, 0x27180000)
  object space 22016K, 33% used [0x11c00000,0x12337b30,0x13180000)
 Metaspace       used 12890K, capacity 13111K, committed 13184K, reserved 13696K
Event: 4.910 GC heap after
Heap after GC invocations=8 (full 0):
 PSYoungGen      total 12032K, used 2066K [0x27180000, 0x28900000, 0x31c00000)
  eden space 8192K, 0% used [0x27180000,0x27180000,0x27980000)
  from space 3840K, 53% used [0x27d40000,0x27f44a68,0x28100000)
  to   space 3840K, 0% used [0x27980000,0x27980000,0x27d40000)
 ParOldGen       total 22016K, used 7960K [0x11c00000, 0x13180000, 0x27180000)
  object space 22016K, 36% used [0x11c00000,0x123c6368,0x13180000)
 Metaspace       used 12890K, capacity 13111K, committed 13184K, reserved 13696K
}

