# JRE version: Java(TM) SE Runtime Environment (8.0_05-b13) (build 1.8.0_05-b13)
# Java VM: Java HotSpot(TM) Server VM (25.5-b02 mixed mode windows-x86 )
Heap:
 PSYoungGen      total 11520K, used 3046K [0x27180000, 0x28080000, 0x31c00000)
  eden space 8192K, 7% used [0x27180000,0x27221328,0x27980000)
  from space 3328K, 72% used [0x27d40000,0x27f98750,0x28080000)
  to   space 3584K, 0% used [0x27980000,0x27980000,0x27d00000)
 ParOldGen       total 22016K, used 7984K [0x11c00000, 0x13180000, 0x27180000)
  object space 22016K, 36% used [0x11c00000,0x123cc290,0x13180000)
 Metaspace       used 12924K, capacity 13207K, committed 13312K, reserved 13696K
GC Heap History (10 events):
Event: 2.822 GC heap before
{Heap before GC invocations=4 (full 0):
 PSYoungGen      total 9472K, used 9471K [0x27180000, 0x27c00000, 0x31c00000)
  eden space 8192K, 100% used [0x27180000,0x27980000,0x27980000)
  from space 1280K, 99% used [0x27980000,0x27abfc50,0x27ac0000)
  to   space 1280K, 0% used [0x27ac0000,0x27ac0000,0x27c00000)
 ParOldGen       total 22016K, used 4546K [0x11c00000, 0x13180000, 0x27180000)
  object space 22016K, 20% used [0x11c00000,0x120709a0,0x13180000)
 Metaspace       used 8796K, capacity 8959K, committed 9088K, reserved 9600K
Event: 2.824 GC heap after
Heap after GC invocations=4 (full 0):
 PSYoungGen      total 9472K, used 1280K [0x27180000, 0x27c00000, 0x31c00000)
  eden space 8192K, 0% used [0x27180000,0x27180000,0x27980000)
  from space 1280K, 100% used [0x27ac0000,0x27c00000,0x27c00000)
  to   space 1280K, 0% used [0x27980000,0x27980000,0x27ac0000)
 ParOldGen       total 22016K, used 6404K [0x11c00000, 0x13180000, 0x27180000)
  object space 22016K, 29% used [0x11c00000,0x12241060,0x13180000)
 Metaspace       used 8796K, capacity 8959K, committed 9088K, reserved 9600K
}
Event: 3.937 GC heap before
{Heap before GC invocations=5 (full 0):
 PSYoungGen      total 9472K, used 9472K [0x27180000, 0x27c00000, 0x31c00000)
  eden space 8192K, 100% used [0x27180000,0x27980000,0x27980000)
  from space 1280K, 100% used [0x27ac0000,0x27c00000,0x27c00000)
  to   space 1280K, 0% used [0x27980000,0x27980000,0x27ac0000)
 ParOldGen       total 22016K, used 6404K [0x11c00000, 0x13180000, 0x27180000)
  object space 22016K, 29% used [0x11c00000,0x12241060,0x13180000)
 Metaspace       used 8950K, capacity 9095K, committed 9216K, reserved 9600K
Event: 3.939 GC heap after
Heap after GC invocations=5 (full 0):
 PSYoungGen      total 9472K, used 1280K [0x27180000, 0x28100000, 0x31c00000)
  eden space 8192K, 0% used [0x27180000,0x27180000,0x27980000)
  from space 1280K, 100% used [0x27980000,0x27ac0000,0x27ac0000)
  to   space 3840K, 0% used [0x27d40000,0x27d40000,0x28100000)
 ParOldGen       total 22016K, used 6670K [0x11c00000, 0x13180000, 0x27180000)
  object space 22016K, 30% used [0x11c00000,0x12283bf8,0x13180000)
 Metaspace       used 8950K, capacity 9095K, committed 9216K, reserved 9600K
}
Event: 4.823 GC heap before
{Heap before GC invocations=6 (full 0):
 PSYoungGen      total 9472K, used 9472K [0x27180000, 0x28100000, 0x31c00000)
  eden space 8192K, 100% used [0x27180000,0x27980000,0x27980000)
  from space 1280K, 100% used [0x27980000,0x27ac0000,0x27ac0000)
  to   space 3840K, 0% used [0x27d40000,0x27d40000,0x28100000)
 ParOldGen       total 22016K, used 6670K [0x11c00000, 0x13180000, 0x27180000)
  object space 22016K, 30% used [0x11c00000,0x12283bf8,0x13180000)
 Metaspace       used 10184K, capacity 10362K, committed 10368K, reserved 10624K
Event: 4.825 GC heap after
Heap after GC invocations=6 (full 0):
 PSYoungGen      total 12032K, used 2097K [0x27180000, 0x28100000, 0x31c00000)
  eden space 8192K, 0% used [0x27180000,0x27180000,0x27980000)
  from space 3840K, 54% used [0x27d40000,0x27f4c758,0x28100000)
  to   space 3840K, 0% used [0x27980000,0x27980000,0x27d40000)
 ParOldGen       total 22016K, used 6739K [0x11c00000, 0x13180000, 0x27180000)
  object space 22016K, 30% used [0x11c00000,0x12294c08,0x13180000)
 Metaspace       used 10184K, capacity 10362K, committed 10368K, reserved 10624K
}
Event: 4.970 GC heap before
{Heap before GC invocations=7 (full 0):
 PSYoungGen      total 12032K, used 10287K [0x27180000, 0x28100000, 0x31c00000)
  eden space 8192K, 99% used [0x27180000,0x2797f6f8,0x27980000)
  from space 3840K, 54% used [0x27d40000,0x27f4c758,0x28100000)
  to   space 3840K, 0% used [0x27980000,0x27980000,0x27d40000)
 ParOldGen       total 22016K, used 6739K [0x11c00000, 0x13180000, 0x27180000)
  object space 22016K, 30% used [0x11c00000,0x12294c08,0x13180000)
 Metaspace       used 11491K, capacity 11710K, committed 11776K, reserved 12672K
Event: 4.973 GC heap after
Heap after GC invocations=7 (full 0):
 PSYoungGen      total 12032K, used 2587K [0x27180000, 0x28100000, 0x31c00000)
  eden space 8192K, 0% used [0x27180000,0x27180000,0x27980000)
  from space 3840K, 67% used [0x27980000,0x27c06df0,0x27d40000)
  to   space 3840K, 0% used [0x27d40000,0x27d40000,0x28100000)
 ParOldGen       total 22016K, used 7455K [0x11c00000, 0x13180000, 0x27180000)
  object space 22016K, 33% used [0x11c00000,0x12347e50,0x13180000)
 Metaspace       used 11491K, capacity 11710K, committed 11776K, reserved 12672K
}
Event: 5.502 GC heap before
{Heap before GC invocations=8 (full 0):
 PSYoungGen      total 12032K, used 10779K [0x27180000, 0x28100000, 0x31c00000)
  eden space 8192K, 100% used [0x27180000,0x27980000,0x27980000)
  from space 3840K, 67% used [0x27980000,0x27c06df0,0x27d40000)
  to   space 3840K, 0% used [0x27d40000,0x27d40000,0x28100000)
 ParOldGen       total 22016K, used 7455K [0x11c00000, 0x13180000, 0x27180000)
  object space 22016K, 33% used [0x11c00000,0x12347e50,0x13180000)
 Metaspace       used 12880K, capacity 13153K, committed 13184K, reserved 13696K
Event: 5.509 GC heap after
Heap after GC invocations=8 (full 0):
 PSYoungGen      total 11520K, used 2401K [0x27180000, 0x28080000, 0x31c00000)
  eden space 8192K, 0% used [0x27180000,0x27180000,0x27980000)
  from space 3328K, 72% used [0x27d40000,0x27f98750,0x28080000)
  to   space 3584K, 0% used [0x27980000,0x27980000,0x27d00000)
 ParOldGen       total 22016K, used 7984K [0x11c00000, 0x13180000, 0x27180000)
  object space 22016K, 36% used [0x11c00000,0x123cc290,0x13180000)
 Metaspace       used 12880K, capacity 13153K, committed 13184K, reserved 13696K
}

