# JRE version: Java(TM) SE Runtime Environment (8.0_05-b13) (build 1.8.0_05-b13)
# Java VM: Java HotSpot(TM) Server VM (25.5-b02 mixed mode windows-x86 )
Heap:
 PSYoungGen      total 12288K, used 3080K [0x27180000, 0x28880000, 0x31c00000)
  eden space 8448K, 6% used [0x27180000,0x27205c58,0x279c0000)
  from space 3840K, 66% used [0x27d40000,0x27fbc4d0,0x28100000)
  to   space 3584K, 0% used [0x279c0000,0x279c0000,0x27d40000)
 ParOldGen       total 22016K, used 7948K [0x11c00000, 0x13180000, 0x27180000)
  object space 22016K, 36% used [0x11c00000,0x123c3348,0x13180000)
 Metaspace       used 12914K, capacity 13170K, committed 13184K, reserved 13696K
GC Heap History (10 events):
Event: 2.481 GC heap before
{Heap before GC invocations=4 (full 0):
 PSYoungGen      total 9472K, used 9456K [0x27180000, 0x27c00000, 0x31c00000)
  eden space 8192K, 100% used [0x27180000,0x27980000,0x27980000)
  from space 1280K, 98% used [0x27980000,0x27abc060,0x27ac0000)
  to   space 1280K, 0% used [0x27ac0000,0x27ac0000,0x27c00000)
 ParOldGen       total 22016K, used 4541K [0x11c00000, 0x13180000, 0x27180000)
  object space 22016K, 20% used [0x11c00000,0x1206f770,0x13180000)
 Metaspace       used 8787K, capacity 8927K, committed 8960K, reserved 9600K
Event: 2.484 GC heap after
Heap after GC invocations=4 (full 0):
 PSYoungGen      total 9472K, used 1275K [0x27180000, 0x27c00000, 0x31c00000)
  eden space 8192K, 0% used [0x27180000,0x27180000,0x27980000)
  from space 1280K, 99% used [0x27ac0000,0x27bfec18,0x27c00000)
  to   space 1280K, 0% used [0x27980000,0x27980000,0x27ac0000)
 ParOldGen       total 22016K, used 6423K [0x11c00000, 0x13180000, 0x27180000)
  object space 22016K, 29% used [0x11c00000,0x12245ce8,0x13180000)
 Metaspace       used 8787K, capacity 8927K, committed 8960K, reserved 9600K
}
Event: 3.652 GC heap before
{Heap before GC invocations=5 (full 0):
 PSYoungGen      total 9472K, used 9467K [0x27180000, 0x27c00000, 0x31c00000)
  eden space 8192K, 100% used [0x27180000,0x27980000,0x27980000)
  from space 1280K, 99% used [0x27ac0000,0x27bfec18,0x27c00000)
  to   space 1280K, 0% used [0x27980000,0x27980000,0x27ac0000)
 ParOldGen       total 22016K, used 6423K [0x11c00000, 0x13180000, 0x27180000)
  object space 22016K, 29% used [0x11c00000,0x12245ce8,0x13180000)
 Metaspace       used 8951K, capacity 9097K, committed 9216K, reserved 9600K
Event: 3.656 GC heap after
Heap after GC invocations=5 (full 0):
 PSYoungGen      total 9472K, used 1275K [0x27180000, 0x28100000, 0x31c00000)
  eden space 8192K, 0% used [0x27180000,0x27180000,0x27980000)
  from space 1280K, 99% used [0x27980000,0x27abec58,0x27ac0000)
  to   space 3840K, 0% used [0x27d40000,0x27d40000,0x28100000)
 ParOldGen       total 22016K, used 6684K [0x11c00000, 0x13180000, 0x27180000)
  object space 22016K, 30% used [0x11c00000,0x12287288,0x13180000)
 Metaspace       used 8951K, capacity 9097K, committed 9216K, reserved 9600K
}
Event: 4.459 GC heap before
{Heap before GC invocations=6 (full 0):
 PSYoungGen      total 9472K, used 9467K [0x27180000, 0x28100000, 0x31c00000)
  eden space 8192K, 100% used [0x27180000,0x27980000,0x27980000)
  from space 1280K, 99% used [0x27980000,0x27abec58,0x27ac0000)
  to   space 3840K, 0% used [0x27d40000,0x27d40000,0x28100000)
 ParOldGen       total 22016K, used 6684K [0x11c00000, 0x13180000, 0x27180000)
  object space 22016K, 30% used [0x11c00000,0x12287288,0x13180000)
 Metaspace       used 10183K, capacity 10357K, committed 10368K, reserved 10624K
Event: 4.461 GC heap after
Heap after GC invocations=6 (full 0):
 PSYoungGen      total 12032K, used 2178K [0x27180000, 0x28100000, 0x31c00000)
  eden space 8192K, 0% used [0x27180000,0x27180000,0x27980000)
  from space 3840K, 56% used [0x27d40000,0x27f60a78,0x28100000)
  to   space 3840K, 0% used [0x27980000,0x27980000,0x27d40000)
 ParOldGen       total 22016K, used 6752K [0x11c00000, 0x13180000, 0x27180000)
  object space 22016K, 30% used [0x11c00000,0x12298298,0x13180000)
 Metaspace       used 10183K, capacity 10357K, committed 10368K, reserved 10624K
}
Event: 4.595 GC heap before
{Heap before GC invocations=7 (full 0):
 PSYoungGen      total 12032K, used 10352K [0x27180000, 0x28100000, 0x31c00000)
  eden space 8192K, 99% used [0x27180000,0x2797b8e8,0x27980000)
  from space 3840K, 56% used [0x27d40000,0x27f60a78,0x28100000)
  to   space 3840K, 0% used [0x27980000,0x27980000,0x27d40000)
 ParOldGen       total 22016K, used 6752K [0x11c00000, 0x13180000, 0x27180000)
  object space 22016K, 30% used [0x11c00000,0x12298298,0x13180000)
 Metaspace       used 11483K, capacity 11673K, committed 11776K, reserved 12672K
Event: 4.598 GC heap after
Heap after GC invocations=7 (full 0):
 PSYoungGen      total 12032K, used 2819K [0x27180000, 0x28100000, 0x31c00000)
  eden space 8192K, 0% used [0x27180000,0x27180000,0x27980000)
  from space 3840K, 73% used [0x27980000,0x27c40dc0,0x27d40000)
  to   space 3840K, 0% used [0x27d40000,0x27d40000,0x28100000)
 ParOldGen       total 22016K, used 7354K [0x11c00000, 0x13180000, 0x27180000)
  object space 22016K, 33% used [0x11c00000,0x1232eae0,0x13180000)
 Metaspace       used 11483K, capacity 11673K, committed 11776K, reserved 12672K
}
Event: 4.913 GC heap before
{Heap before GC invocations=8 (full 0):
 PSYoungGen      total 12032K, used 11011K [0x27180000, 0x28100000, 0x31c00000)
  eden space 8192K, 100% used [0x27180000,0x27980000,0x27980000)
  from space 3840K, 73% used [0x27980000,0x27c40dc0,0x27d40000)
  to   space 3840K, 0% used [0x27d40000,0x27d40000,0x28100000)
 ParOldGen       total 22016K, used 7354K [0x11c00000, 0x13180000, 0x27180000)
  object space 22016K, 33% used [0x11c00000,0x1232eae0,0x13180000)
 Metaspace       used 12870K, capacity 13116K, committed 13184K, reserved 13696K
Event: 4.921 GC heap after
Heap after GC invocations=8 (full 0):
 PSYoungGen      total 12288K, used 2545K [0x27180000, 0x28880000, 0x31c00000)
  eden space 8448K, 0% used [0x27180000,0x27180000,0x279c0000)
  from space 3840K, 66% used [0x27d40000,0x27fbc4d0,0x28100000)
  to   space 3584K, 0% used [0x279c0000,0x279c0000,0x27d40000)
 ParOldGen       total 22016K, used 7948K [0x11c00000, 0x13180000, 0x27180000)
  object space 22016K, 36% used [0x11c00000,0x123c3348,0x13180000)
 Metaspace       used 12870K, capacity 13116K, committed 13184K, reserved 13696K
}

