# JRE version: Java(TM) SE Runtime Environment (8.0_05-b13) (build 1.8.0_05-b13)
# Java VM: Java HotSpot(TM) Server VM (25.5-b02 mixed mode windows-x86 )
Heap:
 PSYoungGen      total 11520K, used 3110K [0x27180000, 0x28080000, 0x31c00000)
  eden space 8192K, 8% used [0x27180000,0x27224a20,0x27980000)
  from space 3328K, 73% used [0x27d40000,0x27fa5130,0x28080000)
  to   space 3584K, 0% used [0x27980000,0x27980000,0x27d00000)
 ParOldGen       total 22016K, used 7897K [0x11c00000, 0x13180000, 0x27180000)
  object space 22016K, 35% used [0x11c00000,0x123b6638,0x13180000)
 Metaspace       used 12918K, capacity 13175K, committed 13312K, reserved 13696K
GC Heap History (10 events):
Event: 2.495 GC heap before
{Heap before GC invocations=4 (full 0):
 PSYoungGen      total 9472K, used 9464K [0x27180000, 0x27c00000, 0x31c00000)
  eden space 8192K, 100% used [0x27180000,0x27980000,0x27980000)
  from space 1280K, 99% used [0x27980000,0x27abe030,0x27ac0000)
  to   space 1280K, 0% used [0x27ac0000,0x27ac0000,0x27c00000)
 ParOldGen       total 22016K, used 4493K [0x11c00000, 0x13180000, 0x27180000)
  object space 22016K, 20% used [0x11c00000,0x120634c0,0x13180000)
 Metaspace       used 8787K, capacity 8927K, committed 8960K, reserved 9600K
Event: 2.497 GC heap after
Heap after GC invocations=4 (full 0):
 PSYoungGen      total 9472K, used 1274K [0x27180000, 0x27c00000, 0x31c00000)
  eden space 8192K, 0% used [0x27180000,0x27180000,0x27980000)
  from space 1280K, 99% used [0x27ac0000,0x27bfebd8,0x27c00000)
  to   space 1280K, 0% used [0x27980000,0x27980000,0x27ac0000)
 ParOldGen       total 22016K, used 6355K [0x11c00000, 0x13180000, 0x27180000)
  object space 22016K, 28% used [0x11c00000,0x12234ea8,0x13180000)
 Metaspace       used 8787K, capacity 8927K, committed 8960K, reserved 9600K
}
Event: 3.789 GC heap before
{Heap before GC invocations=5 (full 0):
 PSYoungGen      total 9472K, used 9466K [0x27180000, 0x27c00000, 0x31c00000)
  eden space 8192K, 100% used [0x27180000,0x27980000,0x27980000)
  from space 1280K, 99% used [0x27ac0000,0x27bfebd8,0x27c00000)
  to   space 1280K, 0% used [0x27980000,0x27980000,0x27ac0000)
 ParOldGen       total 22016K, used 6355K [0x11c00000, 0x13180000, 0x27180000)
  object space 22016K, 28% used [0x11c00000,0x12234ea8,0x13180000)
 Metaspace       used 8952K, capacity 9102K, committed 9216K, reserved 9600K
Event: 3.792 GC heap after
Heap after GC invocations=5 (full 0):
 PSYoungGen      total 9472K, used 1275K [0x27180000, 0x28100000, 0x31c00000)
  eden space 8192K, 0% used [0x27180000,0x27180000,0x27980000)
  from space 1280K, 99% used [0x27980000,0x27abec18,0x27ac0000)
  to   space 3840K, 0% used [0x27d40000,0x27d40000,0x28100000)
 ParOldGen       total 22016K, used 6617K [0x11c00000, 0x13180000, 0x27180000)
  object space 22016K, 30% used [0x11c00000,0x122765e8,0x13180000)
 Metaspace       used 8952K, capacity 9102K, committed 9216K, reserved 9600K
}
Event: 4.760 GC heap before
{Heap before GC invocations=6 (full 0):
 PSYoungGen      total 9472K, used 9467K [0x27180000, 0x28100000, 0x31c00000)
  eden space 8192K, 100% used [0x27180000,0x27980000,0x27980000)
  from space 1280K, 99% used [0x27980000,0x27abec18,0x27ac0000)
  to   space 3840K, 0% used [0x27d40000,0x27d40000,0x28100000)
 ParOldGen       total 22016K, used 6617K [0x11c00000, 0x13180000, 0x27180000)
  object space 22016K, 30% used [0x11c00000,0x122765e8,0x13180000)
 Metaspace       used 10054K, capacity 10202K, committed 10240K, reserved 10624K
Event: 4.763 GC heap after
Heap after GC invocations=6 (full 0):
 PSYoungGen      total 12032K, used 2157K [0x27180000, 0x28100000, 0x31c00000)
  eden space 8192K, 0% used [0x27180000,0x27180000,0x27980000)
  from space 3840K, 56% used [0x27d40000,0x27f5b630,0x28100000)
  to   space 3840K, 0% used [0x27980000,0x27980000,0x27d40000)
 ParOldGen       total 22016K, used 6685K [0x11c00000, 0x13180000, 0x27180000)
  object space 22016K, 30% used [0x11c00000,0x122875f8,0x13180000)
 Metaspace       used 10054K, capacity 10202K, committed 10240K, reserved 10624K
}
Event: 4.899 GC heap before
{Heap before GC invocations=7 (full 0):
 PSYoungGen      total 12032K, used 10349K [0x27180000, 0x28100000, 0x31c00000)
  eden space 8192K, 100% used [0x27180000,0x27980000,0x27980000)
  from space 3840K, 56% used [0x27d40000,0x27f5b630,0x28100000)
  to   space 3840K, 0% used [0x27980000,0x27980000,0x27d40000)
 ParOldGen       total 22016K, used 6685K [0x11c00000, 0x13180000, 0x27180000)
  object space 22016K, 30% used [0x11c00000,0x122875f8,0x13180000)
 Metaspace       used 11486K, capacity 11678K, committed 11776K, reserved 12672K
Event: 4.902 GC heap after
Heap after GC invocations=7 (full 0):
 PSYoungGen      total 12032K, used 2641K [0x27180000, 0x28100000, 0x31c00000)
  eden space 8192K, 0% used [0x27180000,0x27180000,0x27980000)
  from space 3840K, 68% used [0x27980000,0x27c14590,0x27d40000)
  to   space 3840K, 0% used [0x27d40000,0x27d40000,0x28100000)
 ParOldGen       total 22016K, used 7328K [0x11c00000, 0x13180000, 0x27180000)
  object space 22016K, 33% used [0x11c00000,0x12328218,0x13180000)
 Metaspace       used 11486K, capacity 11678K, committed 11776K, reserved 12672K
}
Event: 5.529 GC heap before
{Heap before GC invocations=8 (full 0):
 PSYoungGen      total 12032K, used 10833K [0x27180000, 0x28100000, 0x31c00000)
  eden space 8192K, 100% used [0x27180000,0x27980000,0x27980000)
  from space 3840K, 68% used [0x27980000,0x27c14590,0x27d40000)
  to   space 3840K, 0% used [0x27d40000,0x27d40000,0x28100000)
 ParOldGen       total 22016K, used 7328K [0x11c00000, 0x13180000, 0x27180000)
  object space 22016K, 33% used [0x11c00000,0x12328218,0x13180000)
 Metaspace       used 12873K, capacity 13121K, committed 13184K, reserved 13696K
Event: 5.536 GC heap after
Heap after GC invocations=8 (full 0):
 PSYoungGen      total 11520K, used 2452K [0x27180000, 0x28080000, 0x31c00000)
  eden space 8192K, 0% used [0x27180000,0x27180000,0x27980000)
  from space 3328K, 73% used [0x27d40000,0x27fa5130,0x28080000)
  to   space 3584K, 0% used [0x27980000,0x27980000,0x27d00000)
 ParOldGen       total 22016K, used 7897K [0x11c00000, 0x13180000, 0x27180000)
  object space 22016K, 35% used [0x11c00000,0x123b6638,0x13180000)
 Metaspace       used 12873K, capacity 13121K, committed 13184K, reserved 13696K
}

