# JRE version: Java(TM) SE Runtime Environment (8.0_05-b13) (build 1.8.0_05-b13)
# Java VM: Java HotSpot(TM) Server VM (25.5-b02 mixed mode windows-x86 )
Heap:
 PSYoungGen      total 12288K, used 2975K [0x27180000, 0x28880000, 0x31c00000)
  eden space 8448K, 6% used [0x27180000,0x27205548,0x279c0000)
  from space 3840K, 63% used [0x27d40000,0x27fa2838,0x28100000)
  to   space 3584K, 0% used [0x279c0000,0x279c0000,0x27d40000)
 ParOldGen       total 22016K, used 7936K [0x11c00000, 0x13180000, 0x27180000)
  object space 22016K, 36% used [0x11c00000,0x123c0270,0x13180000)
 Metaspace       used 12932K, capacity 13207K, committed 13312K, reserved 13696K
GC Heap History (10 events):
Event: 8.717 GC heap before
{Heap before GC invocations=4 (full 0):
 PSYoungGen      total 9472K, used 9464K [0x27180000, 0x27c00000, 0x31c00000)
  eden space 8192K, 100% used [0x27180000,0x27980000,0x27980000)
  from space 1280K, 99% used [0x27980000,0x27abe0b0,0x27ac0000)
  to   space 1280K, 0% used [0x27ac0000,0x27ac0000,0x27c00000)
 ParOldGen       total 22016K, used 4548K [0x11c00000, 0x13180000, 0x27180000)
  object space 22016K, 20% used [0x11c00000,0x12071110,0x13180000)
 Metaspace       used 8821K, capacity 8959K, committed 9088K, reserved 9600K
Event: 8.719 GC heap after
Heap after GC invocations=4 (full 0):
 PSYoungGen      total 9472K, used 1273K [0x27180000, 0x27c00000, 0x31c00000)
  eden space 8192K, 0% used [0x27180000,0x27180000,0x27980000)
  from space 1280K, 99% used [0x27ac0000,0x27bfe480,0x27c00000)
  to   space 1280K, 0% used [0x27980000,0x27980000,0x27ac0000)
 ParOldGen       total 22016K, used 6423K [0x11c00000, 0x13180000, 0x27180000)
  object space 22016K, 29% used [0x11c00000,0x12245fa0,0x13180000)
 Metaspace       used 8821K, capacity 8959K, committed 9088K, reserved 9600K
}
Event: 10.684 GC heap before
{Heap before GC invocations=5 (full 0):
 PSYoungGen      total 9472K, used 9465K [0x27180000, 0x27c00000, 0x31c00000)
  eden space 8192K, 100% used [0x27180000,0x27980000,0x27980000)
  from space 1280K, 99% used [0x27ac0000,0x27bfe480,0x27c00000)
  to   space 1280K, 0% used [0x27980000,0x27980000,0x27ac0000)
 ParOldGen       total 22016K, used 6423K [0x11c00000, 0x13180000, 0x27180000)
  object space 22016K, 29% used [0x11c00000,0x12245fa0,0x13180000)
 Metaspace       used 8960K, capacity 9134K, committed 9216K, reserved 9600K
Event: 10.687 GC heap after
Heap after GC invocations=5 (full 0):
 PSYoungGen      total 9472K, used 1265K [0x27180000, 0x28100000, 0x31c00000)
  eden space 8192K, 0% used [0x27180000,0x27180000,0x27980000)
  from space 1280K, 98% used [0x27980000,0x27abc500,0x27ac0000)
  to   space 3840K, 0% used [0x27d40000,0x27d40000,0x28100000)
 ParOldGen       total 22016K, used 6722K [0x11c00000, 0x13180000, 0x27180000)
  object space 22016K, 30% used [0x11c00000,0x12290a00,0x13180000)
 Metaspace       used 8960K, capacity 9134K, committed 9216K, reserved 9600K
}
Event: 11.469 GC heap before
{Heap before GC invocations=6 (full 0):
 PSYoungGen      total 9472K, used 9457K [0x27180000, 0x28100000, 0x31c00000)
  eden space 8192K, 100% used [0x27180000,0x27980000,0x27980000)
  from space 1280K, 98% used [0x27980000,0x27abc500,0x27ac0000)
  to   space 3840K, 0% used [0x27d40000,0x27d40000,0x28100000)
 ParOldGen       total 22016K, used 6722K [0x11c00000, 0x13180000, 0x27180000)
  object space 22016K, 30% used [0x11c00000,0x12290a00,0x13180000)
 Metaspace       used 10206K, capacity 10426K, committed 10496K, reserved 10624K
Event: 11.471 GC heap after
Heap after GC invocations=6 (full 0):
 PSYoungGen      total 12032K, used 2067K [0x27180000, 0x28100000, 0x31c00000)
  eden space 8192K, 0% used [0x27180000,0x27180000,0x27980000)
  from space 3840K, 53% used [0x27d40000,0x27f44ee0,0x28100000)
  to   space 3840K, 0% used [0x27980000,0x27980000,0x27d40000)
 ParOldGen       total 22016K, used 6790K [0x11c00000, 0x13180000, 0x27180000)
  object space 22016K, 30% used [0x11c00000,0x122a1a10,0x13180000)
 Metaspace       used 10206K, capacity 10426K, committed 10496K, reserved 10624K
}
Event: 11.622 GC heap before
{Heap before GC invocations=7 (full 0):
 PSYoungGen      total 12032K, used 10259K [0x27180000, 0x28100000, 0x31c00000)
  eden space 8192K, 100% used [0x27180000,0x27980000,0x27980000)
  from space 3840K, 53% used [0x27d40000,0x27f44ee0,0x28100000)
  to   space 3840K, 0% used [0x27980000,0x27980000,0x27d40000)
 ParOldGen       total 22016K, used 6790K [0x11c00000, 0x13180000, 0x27180000)
  object space 22016K, 30% used [0x11c00000,0x122a1a10,0x13180000)
 Metaspace       used 11502K, capacity 11742K, committed 11776K, reserved 12672K
Event: 11.626 GC heap after
Heap after GC invocations=7 (full 0):
 PSYoungGen      total 12032K, used 2751K [0x27180000, 0x28100000, 0x31c00000)
  eden space 8192K, 0% used [0x27180000,0x27180000,0x27980000)
  from space 3840K, 71% used [0x27980000,0x27c2fdb0,0x27d40000)
  to   space 3840K, 0% used [0x27d40000,0x27d40000,0x28100000)
 ParOldGen       total 22016K, used 7302K [0x11c00000, 0x13180000, 0x27180000)
  object space 22016K, 33% used [0x11c00000,0x12321a20,0x13180000)
 Metaspace       used 11502K, capacity 11742K, committed 11776K, reserved 12672K
}
Event: 11.973 GC heap before
{Heap before GC invocations=8 (full 0):
 PSYoungGen      total 12032K, used 10943K [0x27180000, 0x28100000, 0x31c00000)
  eden space 8192K, 100% used [0x27180000,0x27980000,0x27980000)
  from space 3840K, 71% used [0x27980000,0x27c2fdb0,0x27d40000)
  to   space 3840K, 0% used [0x27d40000,0x27d40000,0x28100000)
 ParOldGen       total 22016K, used 7302K [0x11c00000, 0x13180000, 0x27180000)
  object space 22016K, 33% used [0x11c00000,0x12321a20,0x13180000)
 Metaspace       used 12889K, capacity 13153K, committed 13184K, reserved 13696K
Event: 11.980 GC heap after
Heap after GC invocations=8 (full 0):
 PSYoungGen      total 12288K, used 2442K [0x27180000, 0x28880000, 0x31c00000)
  eden space 8448K, 0% used [0x27180000,0x27180000,0x279c0000)
  from space 3840K, 63% used [0x27d40000,0x27fa2838,0x28100000)
  to   space 3584K, 0% used [0x279c0000,0x279c0000,0x27d40000)
 ParOldGen       total 22016K, used 7936K [0x11c00000, 0x13180000, 0x27180000)
  object space 22016K, 36% used [0x11c00000,0x123c0270,0x13180000)
 Metaspace       used 12889K, capacity 13153K, committed 13184K, reserved 13696K
}

