# JRE version: Java(TM) SE Runtime Environment (8.0_05-b13) (build 1.8.0_05-b13)
# Java VM: Java HotSpot(TM) Server VM (25.5-b02 mixed mode windows-x86 )
Heap:
 PSYoungGen      total 12032K, used 2354K [0x27180000, 0x28100000, 0x31c00000)
  eden space 8192K, 3% used [0x27180000,0x271c27e8,0x27980000)
  from space 3840K, 54% used [0x27d40000,0x27f4a3d8,0x28100000)
  to   space 3840K, 0% used [0x27980000,0x27980000,0x27d40000)
 ParOldGen       total 22016K, used 8028K [0x11c00000, 0x13180000, 0x27180000)
  object space 22016K, 36% used [0x11c00000,0x123d7008,0x13180000)
 Metaspace       used 12920K, capacity 13197K, committed 13312K, reserved 13696K
GC Heap History (10 events):
Event: 2.553 GC heap before
{Heap before GC invocations=4 (full 0):
 PSYoungGen      total 9472K, used 9464K [0x27180000, 0x27c00000, 0x31c00000)
  eden space 8192K, 100% used [0x27180000,0x27980000,0x27980000)
  from space 1280K, 99% used [0x27980000,0x27abe070,0x27ac0000)
  to   space 1280K, 0% used [0x27ac0000,0x27ac0000,0x27c00000)
 ParOldGen       total 22016K, used 4586K [0x11c00000, 0x13180000, 0x27180000)
  object space 22016K, 20% used [0x11c00000,0x1207aae8,0x13180000)
 Metaspace       used 8806K, capacity 8959K, committed 9088K, reserved 9600K
Event: 2.556 GC heap after
Heap after GC invocations=4 (full 0):
 PSYoungGen      total 9472K, used 1264K [0x27180000, 0x27c00000, 0x31c00000)
  eden space 8192K, 0% used [0x27180000,0x27180000,0x27980000)
  from space 1280K, 98% used [0x27ac0000,0x27bfc020,0x27c00000)
  to   space 1280K, 0% used [0x27980000,0x27980000,0x27ac0000)
 ParOldGen       total 22016K, used 6521K [0x11c00000, 0x13180000, 0x27180000)
  object space 22016K, 29% used [0x11c00000,0x1225e588,0x13180000)
 Metaspace       used 8806K, capacity 8959K, committed 9088K, reserved 9600K
}
Event: 3.629 GC heap before
{Heap before GC invocations=5 (full 0):
 PSYoungGen      total 9472K, used 9456K [0x27180000, 0x27c00000, 0x31c00000)
  eden space 8192K, 100% used [0x27180000,0x27980000,0x27980000)
  from space 1280K, 98% used [0x27ac0000,0x27bfc020,0x27c00000)
  to   space 1280K, 0% used [0x27980000,0x27980000,0x27ac0000)
 ParOldGen       total 22016K, used 6521K [0x11c00000, 0x13180000, 0x27180000)
  object space 22016K, 29% used [0x11c00000,0x1225e588,0x13180000)
 Metaspace       used 8950K, capacity 9097K, committed 9216K, reserved 9600K
Event: 3.631 GC heap after
Heap after GC invocations=5 (full 0):
 PSYoungGen      total 9472K, used 1264K [0x27180000, 0x28180000, 0x31c00000)
  eden space 8192K, 0% used [0x27180000,0x27180000,0x27980000)
  from space 1280K, 98% used [0x27980000,0x27abc040,0x27ac0000)
  to   space 4096K, 0% used [0x27d80000,0x27d80000,0x28180000)
 ParOldGen       total 22016K, used 6773K [0x11c00000, 0x13180000, 0x27180000)
  object space 22016K, 30% used [0x11c00000,0x1229d738,0x13180000)
 Metaspace       used 8950K, capacity 9097K, committed 9216K, reserved 9600K
}
Event: 4.446 GC heap before
{Heap before GC invocations=6 (full 0):
 PSYoungGen      total 9472K, used 9456K [0x27180000, 0x28180000, 0x31c00000)
  eden space 8192K, 100% used [0x27180000,0x27980000,0x27980000)
  from space 1280K, 98% used [0x27980000,0x27abc040,0x27ac0000)
  to   space 4096K, 0% used [0x27d80000,0x27d80000,0x28180000)
 ParOldGen       total 22016K, used 6773K [0x11c00000, 0x13180000, 0x27180000)
  object space 22016K, 30% used [0x11c00000,0x1229d738,0x13180000)
 Metaspace       used 10215K, capacity 10384K, committed 10496K, reserved 10624K
Event: 4.449 GC heap after
Heap after GC invocations=6 (full 0):
 PSYoungGen      total 11776K, used 2109K [0x27180000, 0x28100000, 0x31c00000)
  eden space 8192K, 0% used [0x27180000,0x27180000,0x27980000)
  from space 3584K, 58% used [0x27d80000,0x27f8f6d8,0x28100000)
  to   space 3840K, 0% used [0x27980000,0x27980000,0x27d40000)
 ParOldGen       total 22016K, used 6841K [0x11c00000, 0x13180000, 0x27180000)
  object space 22016K, 31% used [0x11c00000,0x122ae748,0x13180000)
 Metaspace       used 10215K, capacity 10384K, committed 10496K, reserved 10624K
}
Event: 4.599 GC heap before
{Heap before GC invocations=7 (full 0):
 PSYoungGen      total 11776K, used 10301K [0x27180000, 0x28100000, 0x31c00000)
  eden space 8192K, 100% used [0x27180000,0x27980000,0x27980000)
  from space 3584K, 58% used [0x27d80000,0x27f8f6d8,0x28100000)
  to   space 3840K, 0% used [0x27980000,0x27980000,0x27d40000)
 ParOldGen       total 22016K, used 6841K [0x11c00000, 0x13180000, 0x27180000)
  object space 22016K, 31% used [0x11c00000,0x122ae748,0x13180000)
 Metaspace       used 11542K, capacity 11796K, committed 11904K, reserved 12672K
Event: 4.601 GC heap after
Heap after GC invocations=7 (full 0):
 PSYoungGen      total 12032K, used 2622K [0x27180000, 0x28100000, 0x31c00000)
  eden space 8192K, 0% used [0x27180000,0x27180000,0x27980000)
  from space 3840K, 68% used [0x27980000,0x27c0f820,0x27d40000)
  to   space 3840K, 0% used [0x27d40000,0x27d40000,0x28100000)
 ParOldGen       total 22016K, used 7463K [0x11c00000, 0x13180000, 0x27180000)
  object space 22016K, 33% used [0x11c00000,0x12349f90,0x13180000)
 Metaspace       used 11542K, capacity 11796K, committed 11904K, reserved 12672K
}
Event: 4.969 GC heap before
{Heap before GC invocations=8 (full 0):
 PSYoungGen      total 12032K, used 10814K [0x27180000, 0x28100000, 0x31c00000)
  eden space 8192K, 100% used [0x27180000,0x27980000,0x27980000)
  from space 3840K, 68% used [0x27980000,0x27c0f820,0x27d40000)
  to   space 3840K, 0% used [0x27d40000,0x27d40000,0x28100000)
 ParOldGen       total 22016K, used 7463K [0x11c00000, 0x13180000, 0x27180000)
  object space 22016K, 33% used [0x11c00000,0x12349f90,0x13180000)
 Metaspace       used 12893K, capacity 13143K, committed 13184K, reserved 13696K
Event: 4.976 GC heap after
Heap after GC invocations=8 (full 0):
 PSYoungGen      total 12032K, used 2088K [0x27180000, 0x28100000, 0x31c00000)
  eden space 8192K, 0% used [0x27180000,0x27180000,0x27980000)
  from space 3840K, 54% used [0x27d40000,0x27f4a3d8,0x28100000)
  to   space 3840K, 0% used [0x27980000,0x27980000,0x27d40000)
 ParOldGen       total 22016K, used 8028K [0x11c00000, 0x13180000, 0x27180000)
  object space 22016K, 36% used [0x11c00000,0x123d7008,0x13180000)
 Metaspace       used 12893K, capacity 13143K, committed 13184K, reserved 13696K
}

