# JRE version: Java(TM) SE Runtime Environment (8.0_05-b13) (build 1.8.0_05-b13)
# Java VM: Java HotSpot(TM) Server VM (25.5-b02 mixed mode windows-x86 )
Heap:
 PSYoungGen      total 12032K, used 2875K [0x26f80000, 0x28700000, 0x31a00000)
  eden space 8192K, 6% used [0x26f80000,0x27002540,0x27780000)
  from space 3840K, 61% used [0x27b40000,0x27d8c808,0x27f00000)
  to   space 3840K, 0% used [0x27780000,0x27780000,0x27b40000)
 ParOldGen       total 22016K, used 7994K [0x11a00000, 0x12f80000, 0x26f80000)
  object space 22016K, 36% used [0x11a00000,0x121cea08,0x12f80000)
 Metaspace       used 12912K, capacity 13168K, committed 13184K, reserved 13696K
GC Heap History (10 events):
Event: 2.395 GC heap before
{Heap before GC invocations=4 (full 0):
 PSYoungGen      total 9472K, used 9456K [0x26f80000, 0x27a00000, 0x31a00000)
  eden space 8192K, 100% used [0x26f80000,0x27780000,0x27780000)
  from space 1280K, 98% used [0x27780000,0x278bc0a0,0x278c0000)
  to   space 1280K, 0% used [0x278c0000,0x278c0000,0x27a00000)
 ParOldGen       total 22016K, used 4547K [0x11a00000, 0x12f80000, 0x26f80000)
  object space 22016K, 20% used [0x11a00000,0x11e70fe0,0x12f80000)
 Metaspace       used 8795K, capacity 8959K, committed 9088K, reserved 9600K
Event: 2.397 GC heap after
Heap after GC invocations=4 (full 0):
 PSYoungGen      total 9472K, used 1273K [0x26f80000, 0x27a00000, 0x31a00000)
  eden space 8192K, 0% used [0x26f80000,0x26f80000,0x27780000)
  from space 1280K, 99% used [0x278c0000,0x279fe4a0,0x27a00000)
  to   space 1280K, 0% used [0x27780000,0x27780000,0x278c0000)
 ParOldGen       total 22016K, used 6434K [0x11a00000, 0x12f80000, 0x26f80000)
  object space 22016K, 29% used [0x11a00000,0x120488d0,0x12f80000)
 Metaspace       used 8795K, capacity 8959K, committed 9088K, reserved 9600K
}
Event: 3.617 GC heap before
{Heap before GC invocations=5 (full 0):
 PSYoungGen      total 9472K, used 9465K [0x26f80000, 0x27a00000, 0x31a00000)
  eden space 8192K, 100% used [0x26f80000,0x27780000,0x27780000)
  from space 1280K, 99% used [0x278c0000,0x279fe4a0,0x27a00000)
  to   space 1280K, 0% used [0x27780000,0x27780000,0x278c0000)
 ParOldGen       total 22016K, used 6434K [0x11a00000, 0x12f80000, 0x26f80000)
  object space 22016K, 29% used [0x11a00000,0x120488d0,0x12f80000)
 Metaspace       used 8947K, capacity 9100K, committed 9216K, reserved 9600K
Event: 3.619 GC heap after
Heap after GC invocations=5 (full 0):
 PSYoungGen      total 9472K, used 1275K [0x26f80000, 0x27f80000, 0x31a00000)
  eden space 8192K, 0% used [0x26f80000,0x26f80000,0x27780000)
  from space 1280K, 99% used [0x27780000,0x278bec58,0x278c0000)
  to   space 4096K, 0% used [0x27b80000,0x27b80000,0x27f80000)
 ParOldGen       total 22016K, used 6687K [0x11a00000, 0x12f80000, 0x26f80000)
  object space 22016K, 30% used [0x11a00000,0x12087d88,0x12f80000)
 Metaspace       used 8947K, capacity 9100K, committed 9216K, reserved 9600K
}
Event: 4.434 GC heap before
{Heap before GC invocations=6 (full 0):
 PSYoungGen      total 9472K, used 9467K [0x26f80000, 0x27f80000, 0x31a00000)
  eden space 8192K, 100% used [0x26f80000,0x27780000,0x27780000)
  from space 1280K, 99% used [0x27780000,0x278bec58,0x278c0000)
  to   space 4096K, 0% used [0x27b80000,0x27b80000,0x27f80000)
 ParOldGen       total 22016K, used 6687K [0x11a00000, 0x12f80000, 0x26f80000)
  object space 22016K, 30% used [0x11a00000,0x12087d88,0x12f80000)
 Metaspace       used 10186K, capacity 10355K, committed 10368K, reserved 10624K
Event: 4.436 GC heap after
Heap after GC invocations=6 (full 0):
 PSYoungGen      total 11776K, used 2115K [0x26f80000, 0x27f00000, 0x31a00000)
  eden space 8192K, 0% used [0x26f80000,0x26f80000,0x27780000)
  from space 3584K, 59% used [0x27b80000,0x27d90dc0,0x27f00000)
  to   space 3840K, 0% used [0x27780000,0x27780000,0x27b40000)
 ParOldGen       total 22016K, used 6755K [0x11a00000, 0x12f80000, 0x26f80000)
  object space 22016K, 30% used [0x11a00000,0x12098d98,0x12f80000)
 Metaspace       used 10186K, capacity 10355K, committed 10368K, reserved 10624K
}
Event: 4.577 GC heap before
{Heap before GC invocations=7 (full 0):
 PSYoungGen      total 11776K, used 10246K [0x26f80000, 0x27f00000, 0x31a00000)
  eden space 8192K, 99% used [0x26f80000,0x27770bd8,0x27780000)
  from space 3584K, 59% used [0x27b80000,0x27d90dc0,0x27f00000)
  to   space 3840K, 0% used [0x27780000,0x27780000,0x27b40000)
 ParOldGen       total 22016K, used 6755K [0x11a00000, 0x12f80000, 0x26f80000)
  object space 22016K, 30% used [0x11a00000,0x12098d98,0x12f80000)
 Metaspace       used 11479K, capacity 11670K, committed 11776K, reserved 12672K
Event: 4.580 GC heap after
Heap after GC invocations=7 (full 0):
 PSYoungGen      total 12032K, used 2764K [0x26f80000, 0x27f00000, 0x31a00000)
  eden space 8192K, 0% used [0x26f80000,0x26f80000,0x27780000)
  from space 3840K, 71% used [0x27780000,0x27a332f0,0x27b40000)
  to   space 3840K, 0% used [0x27b40000,0x27b40000,0x27f00000)
 ParOldGen       total 22016K, used 7319K [0x11a00000, 0x12f80000, 0x26f80000)
  object space 22016K, 33% used [0x11a00000,0x12125da8,0x12f80000)
 Metaspace       used 11479K, capacity 11670K, committed 11776K, reserved 12672K
}
Event: 5.065 GC heap before
{Heap before GC invocations=8 (full 0):
 PSYoungGen      total 12032K, used 10956K [0x26f80000, 0x27f00000, 0x31a00000)
  eden space 8192K, 100% used [0x26f80000,0x27780000,0x27780000)
  from space 3840K, 71% used [0x27780000,0x27a332f0,0x27b40000)
  to   space 3840K, 0% used [0x27b40000,0x27b40000,0x27f00000)
 ParOldGen       total 22016K, used 7319K [0x11a00000, 0x12f80000, 0x26f80000)
  object space 22016K, 33% used [0x11a00000,0x12125da8,0x12f80000)
 Metaspace       used 12869K, capacity 13113K, committed 13184K, reserved 13696K
Event: 5.074 GC heap after
Heap after GC invocations=8 (full 0):
 PSYoungGen      total 12032K, used 2354K [0x26f80000, 0x28700000, 0x31a00000)
  eden space 8192K, 0% used [0x26f80000,0x26f80000,0x27780000)
  from space 3840K, 61% used [0x27b40000,0x27d8c808,0x27f00000)
  to   space 3840K, 0% used [0x27780000,0x27780000,0x27b40000)
 ParOldGen       total 22016K, used 7994K [0x11a00000, 0x12f80000, 0x26f80000)
  object space 22016K, 36% used [0x11a00000,0x121cea08,0x12f80000)
 Metaspace       used 12869K, capacity 13113K, committed 13184K, reserved 13696K
}

