# JRE version: Java(TM) SE Runtime Environment (8.0_05-b13) (build 1.8.0_05-b13)
# Java VM: Java HotSpot(TM) Server VM (25.5-b02 mixed mode windows-x86 )
Heap:
 PSYoungGen      total 11520K, used 2391K [0x26f80000, 0x27e80000, 0x31a00000)
  eden space 8192K, 3% used [0x26f80000,0x26fc0d70,0x27780000)
  from space 3328K, 64% used [0x27b40000,0x27d54fc0,0x27e80000)
  to   space 3584K, 0% used [0x27780000,0x27780000,0x27b00000)
 ParOldGen       total 22016K, used 7998K [0x11a00000, 0x12f80000, 0x26f80000)
  object space 22016K, 36% used [0x11a00000,0x121cfb20,0x12f80000)
 Metaspace       used 12911K, capacity 13163K, committed 13184K, reserved 13696K
GC Heap History (10 events):
Event: 2.568 GC heap before
{Heap before GC invocations=4 (full 0):
 PSYoungGen      total 9472K, used 9472K [0x26f80000, 0x27a00000, 0x31a00000)
  eden space 8192K, 100% used [0x26f80000,0x27780000,0x27780000)
  from space 1280K, 100% used [0x27780000,0x278c0000,0x278c0000)
  to   space 1280K, 0% used [0x278c0000,0x278c0000,0x27a00000)
 ParOldGen       total 22016K, used 4496K [0x11a00000, 0x12f80000, 0x26f80000)
  object space 22016K, 20% used [0x11a00000,0x11e64370,0x12f80000)
 Metaspace       used 8809K, capacity 8961K, committed 9088K, reserved 9600K
Event: 2.571 GC heap after
Heap after GC invocations=4 (full 0):
 PSYoungGen      total 9472K, used 1266K [0x26f80000, 0x27a00000, 0x31a00000)
  eden space 8192K, 0% used [0x26f80000,0x26f80000,0x27780000)
  from space 1280K, 98% used [0x278c0000,0x279fcbe8,0x27a00000)
  to   space 1280K, 0% used [0x27780000,0x27780000,0x278c0000)
 ParOldGen       total 22016K, used 6463K [0x11a00000, 0x12f80000, 0x26f80000)
  object space 22016K, 29% used [0x11a00000,0x1204fe28,0x12f80000)
 Metaspace       used 8809K, capacity 8961K, committed 9088K, reserved 9600K
}
Event: 3.769 GC heap before
{Heap before GC invocations=5 (full 0):
 PSYoungGen      total 9472K, used 9458K [0x26f80000, 0x27a00000, 0x31a00000)
  eden space 8192K, 100% used [0x26f80000,0x27780000,0x27780000)
  from space 1280K, 98% used [0x278c0000,0x279fcbe8,0x27a00000)
  to   space 1280K, 0% used [0x27780000,0x27780000,0x278c0000)
 ParOldGen       total 22016K, used 6463K [0x11a00000, 0x12f80000, 0x26f80000)
  object space 22016K, 29% used [0x11a00000,0x1204fe28,0x12f80000)
 Metaspace       used 8944K, capacity 9095K, committed 9216K, reserved 9600K
Event: 3.771 GC heap after
Heap after GC invocations=5 (full 0):
 PSYoungGen      total 9472K, used 1275K [0x26f80000, 0x27f80000, 0x31a00000)
  eden space 8192K, 0% used [0x26f80000,0x26f80000,0x27780000)
  from space 1280K, 99% used [0x27780000,0x278bec18,0x278c0000)
  to   space 4096K, 0% used [0x27b80000,0x27b80000,0x27f80000)
 ParOldGen       total 22016K, used 6712K [0x11a00000, 0x12f80000, 0x26f80000)
  object space 22016K, 30% used [0x11a00000,0x1208e2d0,0x12f80000)
 Metaspace       used 8944K, capacity 9095K, committed 9216K, reserved 9600K
}
Event: 4.807 GC heap before
{Heap before GC invocations=6 (full 0):
 PSYoungGen      total 9472K, used 9467K [0x26f80000, 0x27f80000, 0x31a00000)
  eden space 8192K, 100% used [0x26f80000,0x27780000,0x27780000)
  from space 1280K, 99% used [0x27780000,0x278bec18,0x278c0000)
  to   space 4096K, 0% used [0x27b80000,0x27b80000,0x27f80000)
 ParOldGen       total 22016K, used 6712K [0x11a00000, 0x12f80000, 0x26f80000)
  object space 22016K, 30% used [0x11a00000,0x1208e2d0,0x12f80000)
 Metaspace       used 10215K, capacity 10382K, committed 10496K, reserved 10624K
Event: 4.810 GC heap after
Heap after GC invocations=6 (full 0):
 PSYoungGen      total 11776K, used 2136K [0x26f80000, 0x27f00000, 0x31a00000)
  eden space 8192K, 0% used [0x26f80000,0x26f80000,0x27780000)
  from space 3584K, 59% used [0x27b80000,0x27d96300,0x27f00000)
  to   space 3840K, 0% used [0x27780000,0x27780000,0x27b40000)
 ParOldGen       total 22016K, used 6780K [0x11a00000, 0x12f80000, 0x26f80000)
  object space 22016K, 30% used [0x11a00000,0x1209f2e0,0x12f80000)
 Metaspace       used 10215K, capacity 10382K, committed 10496K, reserved 10624K
}
Event: 4.941 GC heap before
{Heap before GC invocations=7 (full 0):
 PSYoungGen      total 11776K, used 10328K [0x26f80000, 0x27f00000, 0x31a00000)
  eden space 8192K, 100% used [0x26f80000,0x27780000,0x27780000)
  from space 3584K, 59% used [0x27b80000,0x27d96300,0x27f00000)
  to   space 3840K, 0% used [0x27780000,0x27780000,0x27b40000)
 ParOldGen       total 22016K, used 6780K [0x11a00000, 0x12f80000, 0x26f80000)
  object space 22016K, 30% used [0x11a00000,0x1209f2e0,0x12f80000)
 Metaspace       used 11551K, capacity 11729K, committed 11776K, reserved 12672K
Event: 4.944 GC heap after
Heap after GC invocations=7 (full 0):
 PSYoungGen      total 12032K, used 2600K [0x26f80000, 0x27f00000, 0x31a00000)
  eden space 8192K, 0% used [0x26f80000,0x26f80000,0x27780000)
  from space 3840K, 67% used [0x27780000,0x27a0a128,0x27b40000)
  to   space 3840K, 0% used [0x27b40000,0x27b40000,0x27f00000)
 ParOldGen       total 22016K, used 7440K [0x11a00000, 0x12f80000, 0x26f80000)
  object space 22016K, 33% used [0x11a00000,0x121442f0,0x12f80000)
 Metaspace       used 11551K, capacity 11729K, committed 11776K, reserved 12672K
}
Event: 5.437 GC heap before
{Heap before GC invocations=8 (full 0):
 PSYoungGen      total 12032K, used 10792K [0x26f80000, 0x27f00000, 0x31a00000)
  eden space 8192K, 100% used [0x26f80000,0x27780000,0x27780000)
  from space 3840K, 67% used [0x27780000,0x27a0a128,0x27b40000)
  to   space 3840K, 0% used [0x27b40000,0x27b40000,0x27f00000)
 ParOldGen       total 22016K, used 7440K [0x11a00000, 0x12f80000, 0x26f80000)
  object space 22016K, 33% used [0x11a00000,0x121442f0,0x12f80000)
 Metaspace       used 12891K, capacity 13108K, committed 13184K, reserved 13696K
Event: 5.443 GC heap after
Heap after GC invocations=8 (full 0):
 PSYoungGen      total 11520K, used 2131K [0x26f80000, 0x27e80000, 0x31a00000)
  eden space 8192K, 0% used [0x26f80000,0x26f80000,0x27780000)
  from space 3328K, 64% used [0x27b40000,0x27d54fc0,0x27e80000)
  to   space 3584K, 0% used [0x27780000,0x27780000,0x27b00000)
 ParOldGen       total 22016K, used 7998K [0x11a00000, 0x12f80000, 0x26f80000)
  object space 22016K, 36% used [0x11a00000,0x121cfb20,0x12f80000)
 Metaspace       used 12891K, capacity 13108K, committed 13184K, reserved 13696K
}

