# JRE version: Java(TM) SE Runtime Environment (8.0_05-b13) (build 1.8.0_05-b13)
# Java VM: Java HotSpot(TM) Server VM (25.5-b02 mixed mode windows-x86 )
Heap:
 PSYoungGen      total 12032K, used 2929K [0x27180000, 0x28900000, 0x31c00000)
  eden space 8192K, 6% used [0x27180000,0x27203fe8,0x27980000)
  from space 3840K, 62% used [0x27d40000,0x27f98808,0x28100000)
  to   space 3840K, 0% used [0x27980000,0x27980000,0x27d40000)
 ParOldGen       total 22016K, used 8157K [0x11c00000, 0x13180000, 0x27180000)
  object space 22016K, 37% used [0x11c00000,0x123f74c0,0x13180000)
 Metaspace       used 12917K, capacity 13168K, committed 13184K, reserved 13696K
GC Heap History (10 events):
Event: 2.289 GC heap before
{Heap before GC invocations=4 (full 0):
 PSYoungGen      total 9472K, used 9456K [0x27180000, 0x28400000, 0x31c00000)
  eden space 8192K, 100% used [0x27180000,0x27980000,0x27980000)
  from space 1280K, 98% used [0x27980000,0x27abc020,0x27ac0000)
  to   space 1280K, 0% used [0x282c0000,0x282c0000,0x28400000)
 ParOldGen       total 22016K, used 4638K [0x11c00000, 0x13180000, 0x27180000)
  object space 22016K, 21% used [0x11c00000,0x12087848,0x13180000)
 Metaspace       used 8797K, capacity 8961K, committed 9088K, reserved 9600K
Event: 2.291 GC heap after
Heap after GC invocations=4 (full 0):
 PSYoungGen      total 9472K, used 1273K [0x27180000, 0x28400000, 0x31c00000)
  eden space 8192K, 0% used [0x27180000,0x27180000,0x27980000)
  from space 1280K, 99% used [0x282c0000,0x283fe460,0x28400000)
  to   space 1280K, 0% used [0x27980000,0x27980000,0x27ac0000)
 ParOldGen       total 22016K, used 6618K [0x11c00000, 0x13180000, 0x27180000)
  object space 22016K, 30% used [0x11c00000,0x12276b58,0x13180000)
 Metaspace       used 8797K, capacity 8961K, committed 9088K, reserved 9600K
}
Event: 3.438 GC heap before
{Heap before GC invocations=5 (full 0):
 PSYoungGen      total 9472K, used 9465K [0x27180000, 0x28400000, 0x31c00000)
  eden space 8192K, 100% used [0x27180000,0x27980000,0x27980000)
  from space 1280K, 99% used [0x282c0000,0x283fe460,0x28400000)
  to   space 1280K, 0% used [0x27980000,0x27980000,0x27ac0000)
 ParOldGen       total 22016K, used 6618K [0x11c00000, 0x13180000, 0x27180000)
  object space 22016K, 30% used [0x11c00000,0x12276b58,0x13180000)
 Metaspace       used 8951K, capacity 9127K, committed 9216K, reserved 9600K
Event: 3.442 GC heap after
Heap after GC invocations=5 (full 0):
 PSYoungGen      total 9472K, used 1275K [0x27180000, 0x28300000, 0x31c00000)
  eden space 8192K, 0% used [0x27180000,0x27180000,0x27980000)
  from space 1280K, 99% used [0x27980000,0x27abec18,0x27ac0000)
  to   space 4096K, 0% used [0x27f00000,0x27f00000,0x28300000)
 ParOldGen       total 22016K, used 6909K [0x11c00000, 0x13180000, 0x27180000)
  object space 22016K, 31% used [0x11c00000,0x122bf450,0x13180000)
 Metaspace       used 8951K, capacity 9127K, committed 9216K, reserved 9600K
}
Event: 4.269 GC heap before
{Heap before GC invocations=6 (full 0):
 PSYoungGen      total 9472K, used 9467K [0x27180000, 0x28300000, 0x31c00000)
  eden space 8192K, 100% used [0x27180000,0x27980000,0x27980000)
  from space 1280K, 99% used [0x27980000,0x27abec18,0x27ac0000)
  to   space 4096K, 0% used [0x27f00000,0x27f00000,0x28300000)
 ParOldGen       total 22016K, used 6909K [0x11c00000, 0x13180000, 0x27180000)
  object space 22016K, 31% used [0x11c00000,0x122bf450,0x13180000)
 Metaspace       used 10204K, capacity 10355K, committed 10496K, reserved 10624K
Event: 4.272 GC heap after
Heap after GC invocations=6 (full 0):
 PSYoungGen      total 10752K, used 2069K [0x27180000, 0x28180000, 0x31c00000)
  eden space 8192K, 0% used [0x27180000,0x27180000,0x27980000)
  from space 2560K, 80% used [0x27f00000,0x28105400,0x28180000)
  to   space 4096K, 0% used [0x27980000,0x27980000,0x27d80000)
 ParOldGen       total 22016K, used 6981K [0x11c00000, 0x13180000, 0x27180000)
  object space 22016K, 31% used [0x11c00000,0x122d1460,0x13180000)
 Metaspace       used 10204K, capacity 10355K, committed 10496K, reserved 10624K
}
Event: 4.401 GC heap before
{Heap before GC invocations=7 (full 0):
 PSYoungGen      total 10752K, used 10220K [0x27180000, 0x28180000, 0x31c00000)
  eden space 8192K, 99% used [0x27180000,0x27975d88,0x27980000)
  from space 2560K, 80% used [0x27f00000,0x28105400,0x28180000)
  to   space 4096K, 0% used [0x27980000,0x27980000,0x27d80000)
 ParOldGen       total 22016K, used 6981K [0x11c00000, 0x13180000, 0x27180000)
  object space 22016K, 31% used [0x11c00000,0x122d1460,0x13180000)
 Metaspace       used 11484K, capacity 11702K, committed 11776K, reserved 12672K
Event: 4.404 GC heap after
Heap after GC invocations=7 (full 0):
 PSYoungGen      total 10752K, used 2493K [0x27180000, 0x28100000, 0x31c00000)
  eden space 8192K, 0% used [0x27180000,0x27180000,0x27980000)
  from space 2560K, 97% used [0x27980000,0x27bef7c8,0x27c00000)
  to   space 3840K, 0% used [0x27d40000,0x27d40000,0x28100000)
 ParOldGen       total 22016K, used 7751K [0x11c00000, 0x13180000, 0x27180000)
  object space 22016K, 35% used [0x11c00000,0x12391ca8,0x13180000)
 Metaspace       used 11484K, capacity 11702K, committed 11776K, reserved 12672K
}
Event: 4.718 GC heap before
{Heap before GC invocations=8 (full 0):
 PSYoungGen      total 10752K, used 10685K [0x27180000, 0x28100000, 0x31c00000)
  eden space 8192K, 100% used [0x27180000,0x27980000,0x27980000)
  from space 2560K, 97% used [0x27980000,0x27bef7c8,0x27c00000)
  to   space 3840K, 0% used [0x27d40000,0x27d40000,0x28100000)
 ParOldGen       total 22016K, used 7751K [0x11c00000, 0x13180000, 0x27180000)
  object space 22016K, 35% used [0x11c00000,0x12391ca8,0x13180000)
 Metaspace       used 12873K, capacity 13113K, committed 13184K, reserved 13696K
Event: 4.724 GC heap after
Heap after GC invocations=8 (full 0):
 PSYoungGen      total 12032K, used 2402K [0x27180000, 0x28900000, 0x31c00000)
  eden space 8192K, 0% used [0x27180000,0x27180000,0x27980000)
  from space 3840K, 62% used [0x27d40000,0x27f98808,0x28100000)
  to   space 3840K, 0% used [0x27980000,0x27980000,0x27d40000)
 ParOldGen       total 22016K, used 8157K [0x11c00000, 0x13180000, 0x27180000)
  object space 22016K, 37% used [0x11c00000,0x123f74c0,0x13180000)
 Metaspace       used 12873K, capacity 13113K, committed 13184K, reserved 13696K
}

